<?xml version="1.0" encoding="UTF-8"?>
<testsuite xmlns:xsi="http://www.w3.org/2001/XMLSchema-instance" xsi:noNamespaceSchemaLocation="https://maven.apache.org/surefire/maven-surefire-plugin/xsd/surefire-test-report.xsd" name="com.spiderinjava.demo.AppTest" time="0.08" tests="1" errors="0" skipped="0" failures="0">
  <properties>
    <property name="sun.desktop" value="windows"/>
    <property name="awt.toolkit" value="sun.awt.windows.WToolkit"/>
    <property name="file.encoding.pkg" value="sun.io"/>
    <property name="java.specification.version" value="1.8"/>
    <property name="sun.cpu.isalist" value="amd64"/>
    <property name="sun.jnu.encoding" value="Cp1252"/>
    <property name="java.class.path" value="C:\SpringProject\Spring-WebFlux\target\test-classes;C:\SpringProject\Spring-WebFlux\target\classes;C:\Users\apande74\.m2\repo1\m3-3.3.9\io\springfox\springfox-swagger2\3.0.0-SNAPSHOT\springfox-swagger2-3.0.0-SNAPSHOT.jar;C:\Users\apande74\.m2\repo1\m3-3.3.9\io\swagger\swagger-annotations\1.5.20\swagger-annotations-1.5.20.jar;C:\Users\apande74\.m2\repo1\m3-3.3.9\io\swagger\swagger-models\1.5.20\swagger-models-1.5.20.jar;C:\Users\apande74\.m2\repo1\m3-3.3.9\com\fasterxml\jackson\core\jackson-annotations\2.9.0\jackson-annotations-2.9.0.jar;C:\Users\apande74\.m2\repo1\m3-3.3.9\io\springfox\springfox-spi\3.0.0-SNAPSHOT\springfox-spi-3.0.0-SNAPSHOT.jar;C:\Users\apande74\.m2\repo1\m3-3.3.9\io\springfox\springfox-core\3.0.0-SNAPSHOT\springfox-core-3.0.0-SNAPSHOT.jar;C:\Users\apande74\.m2\repo1\m3-3.3.9\io\springfox\springfox-schema\3.0.0-SNAPSHOT\springfox-schema-3.0.0-SNAPSHOT.jar;C:\Users\apande74\.m2\repo1\m3-3.3.9\io\springfox\springfox-swagger-common\3.0.0-SNAPSHOT\springfox-swagger-common-3.0.0-SNAPSHOT.jar;C:\Users\apande74\.m2\repo1\m3-3.3.9\io\springfox\springfox-spring-web\3.0.0-SNAPSHOT\springfox-spring-web-3.0.0-SNAPSHOT.jar;C:\Users\apande74\.m2\repo1\m3-3.3.9\io\github\classgraph\classgraph\4.1.7\classgraph-4.1.7.jar;C:\Users\apande74\.m2\repo1\m3-3.3.9\com\fasterxml\classmate\1.4.0\classmate-1.4.0.jar;C:\Users\apande74\.m2\repo1\m3-3.3.9\org\slf4j\slf4j-api\1.7.25\slf4j-api-1.7.25.jar;C:\Users\apande74\.m2\repo1\m3-3.3.9\org\springframework\plugin\spring-plugin-core\1.2.0.RELEASE\spring-plugin-core-1.2.0.RELEASE.jar;C:\Users\apande74\.m2\repo1\m3-3.3.9\org\springframework\spring-beans\5.1.3.RELEASE\spring-beans-5.1.3.RELEASE.jar;C:\Users\apande74\.m2\repo1\m3-3.3.9\org\springframework\spring-context\5.1.3.RELEASE\spring-context-5.1.3.RELEASE.jar;C:\Users\apande74\.m2\repo1\m3-3.3.9\org\springframework\spring-aop\5.1.3.RELEASE\spring-aop-5.1.3.RELEASE.jar;C:\Users\apande74\.m2\repo1\m3-3.3.9\org\springframework\plugin\spring-plugin-metadata\1.2.0.RELEASE\spring-plugin-metadata-1.2.0.RELEASE.jar;C:\Users\apande74\.m2\repo1\m3-3.3.9\org\mapstruct\mapstruct\1.3.1.Final\mapstruct-1.3.1.Final.jar;C:\Users\apande74\.m2\repo1\m3-3.3.9\io\springfox\springfox-swagger-ui\3.0.0-SNAPSHOT\springfox-swagger-ui-3.0.0-SNAPSHOT.jar;C:\Users\apande74\.m2\repo1\m3-3.3.9\io\springfox\springfox-spring-webflux\3.0.0-SNAPSHOT\springfox-spring-webflux-3.0.0-SNAPSHOT.jar;C:\Users\apande74\.m2\repo1\m3-3.3.9\org\springframework\boot\spring-boot-starter-webflux\2.1.1.RELEASE\spring-boot-starter-webflux-2.1.1.RELEASE.jar;C:\Users\apande74\.m2\repo1\m3-3.3.9\org\springframework\boot\spring-boot-starter\2.1.1.RELEASE\spring-boot-starter-2.1.1.RELEASE.jar;C:\Users\apande74\.m2\repo1\m3-3.3.9\org\springframework\boot\spring-boot\2.1.1.RELEASE\spring-boot-2.1.1.RELEASE.jar;C:\Users\apande74\.m2\repo1\m3-3.3.9\org\springframework\boot\spring-boot-autoconfigure\2.1.1.RELEASE\spring-boot-autoconfigure-2.1.1.RELEASE.jar;C:\Users\apande74\.m2\repo1\m3-3.3.9\org\springframework\boot\spring-boot-starter-logging\2.1.1.RELEASE\spring-boot-starter-logging-2.1.1.RELEASE.jar;C:\Users\apande74\.m2\repo1\m3-3.3.9\ch\qos\logback\logback-classic\1.2.3\logback-classic-1.2.3.jar;C:\Users\apande74\.m2\repo1\m3-3.3.9\ch\qos\logback\logback-core\1.2.3\logback-core-1.2.3.jar;C:\Users\apande74\.m2\repo1\m3-3.3.9\org\apache\logging\log4j\log4j-to-slf4j\2.11.1\log4j-to-slf4j-2.11.1.jar;C:\Users\apande74\.m2\repo1\m3-3.3.9\org\apache\logging\log4j\log4j-api\2.11.1\log4j-api-2.11.1.jar;C:\Users\apande74\.m2\repo1\m3-3.3.9\org\slf4j\jul-to-slf4j\1.7.25\jul-to-slf4j-1.7.25.jar;C:\Users\apande74\.m2\repo1\m3-3.3.9\javax\annotation\javax.annotation-api\1.3.2\javax.annotation-api-1.3.2.jar;C:\Users\apande74\.m2\repo1\m3-3.3.9\org\yaml\snakeyaml\1.23\snakeyaml-1.23.jar;C:\Users\apande74\.m2\repo1\m3-3.3.9\org\springframework\boot\spring-boot-starter-json\2.1.1.RELEASE\spring-boot-starter-json-2.1.1.RELEASE.jar;C:\Users\apande74\.m2\repo1\m3-3.3.9\com\fasterxml\jackson\core\jackson-databind\2.9.7\jackson-databind-2.9.7.jar;C:\Users\apande74\.m2\repo1\m3-3.3.9\com\fasterxml\jackson\core\jackson-core\2.9.7\jackson-core-2.9.7.jar;C:\Users\apande74\.m2\repo1\m3-3.3.9\com\fasterxml\jackson\datatype\jackson-datatype-jdk8\2.9.7\jackson-datatype-jdk8-2.9.7.jar;C:\Users\apande74\.m2\repo1\m3-3.3.9\com\fasterxml\jackson\datatype\jackson-datatype-jsr310\2.9.7\jackson-datatype-jsr310-2.9.7.jar;C:\Users\apande74\.m2\repo1\m3-3.3.9\com\fasterxml\jackson\module\jackson-module-parameter-names\2.9.7\jackson-module-parameter-names-2.9.7.jar;C:\Users\apande74\.m2\repo1\m3-3.3.9\org\springframework\boot\spring-boot-starter-reactor-netty\2.1.1.RELEASE\spring-boot-starter-reactor-netty-2.1.1.RELEASE.jar;C:\Users\apande74\.m2\repo1\m3-3.3.9\io\projectreactor\netty\reactor-netty\0.8.3.RELEASE\reactor-netty-0.8.3.RELEASE.jar;C:\Users\apande74\.m2\repo1\m3-3.3.9\io\netty\netty-codec-http\4.1.31.Final\netty-codec-http-4.1.31.Final.jar;C:\Users\apande74\.m2\repo1\m3-3.3.9\io\netty\netty-codec\4.1.31.Final\netty-codec-4.1.31.Final.jar;C:\Users\apande74\.m2\repo1\m3-3.3.9\io\netty\netty-codec-http2\4.1.31.Final\netty-codec-http2-4.1.31.Final.jar;C:\Users\apande74\.m2\repo1\m3-3.3.9\io\netty\netty-handler\4.1.31.Final\netty-handler-4.1.31.Final.jar;C:\Users\apande74\.m2\repo1\m3-3.3.9\io\netty\netty-buffer\4.1.31.Final\netty-buffer-4.1.31.Final.jar;C:\Users\apande74\.m2\repo1\m3-3.3.9\io\netty\netty-transport\4.1.31.Final\netty-transport-4.1.31.Final.jar;C:\Users\apande74\.m2\repo1\m3-3.3.9\io\netty\netty-resolver\4.1.31.Final\netty-resolver-4.1.31.Final.jar;C:\Users\apande74\.m2\repo1\m3-3.3.9\io\netty\netty-handler-proxy\4.1.31.Final\netty-handler-proxy-4.1.31.Final.jar;C:\Users\apande74\.m2\repo1\m3-3.3.9\io\netty\netty-codec-socks\4.1.31.Final\netty-codec-socks-4.1.31.Final.jar;C:\Users\apande74\.m2\repo1\m3-3.3.9\io\netty\netty-transport-native-epoll\4.1.31.Final\netty-transport-native-epoll-4.1.31.Final-linux-x86_64.jar;C:\Users\apande74\.m2\repo1\m3-3.3.9\io\netty\netty-common\4.1.31.Final\netty-common-4.1.31.Final.jar;C:\Users\apande74\.m2\repo1\m3-3.3.9\io\netty\netty-transport-native-unix-common\4.1.31.Final\netty-transport-native-unix-common-4.1.31.Final.jar;C:\Users\apande74\.m2\repo1\m3-3.3.9\org\hibernate\validator\hibernate-validator\6.0.13.Final\hibernate-validator-6.0.13.Final.jar;C:\Users\apande74\.m2\repo1\m3-3.3.9\javax\validation\validation-api\2.0.1.Final\validation-api-2.0.1.Final.jar;C:\Users\apande74\.m2\repo1\m3-3.3.9\org\jboss\logging\jboss-logging\3.3.2.Final\jboss-logging-3.3.2.Final.jar;C:\Users\apande74\.m2\repo1\m3-3.3.9\org\springframework\spring-web\5.1.3.RELEASE\spring-web-5.1.3.RELEASE.jar;C:\Users\apande74\.m2\repo1\m3-3.3.9\org\springframework\spring-webflux\5.1.3.RELEASE\spring-webflux-5.1.3.RELEASE.jar;C:\Users\apande74\.m2\repo1\m3-3.3.9\org\synchronoss\cloud\nio-multipart-parser\1.1.0\nio-multipart-parser-1.1.0.jar;C:\Users\apande74\.m2\repo1\m3-3.3.9\org\synchronoss\cloud\nio-stream-storage\1.1.3\nio-stream-storage-1.1.3.jar;C:\Users\apande74\.m2\repo1\m3-3.3.9\org\springframework\boot\spring-boot-starter-data-mongodb-reactive\2.1.1.RELEASE\spring-boot-starter-data-mongodb-reactive-2.1.1.RELEASE.jar;C:\Users\apande74\.m2\repo1\m3-3.3.9\org\springframework\data\spring-data-mongodb\2.1.3.RELEASE\spring-data-mongodb-2.1.3.RELEASE.jar;C:\Users\apande74\.m2\repo1\m3-3.3.9\org\springframework\spring-tx\5.1.3.RELEASE\spring-tx-5.1.3.RELEASE.jar;C:\Users\apande74\.m2\repo1\m3-3.3.9\org\springframework\spring-expression\5.1.3.RELEASE\spring-expression-5.1.3.RELEASE.jar;C:\Users\apande74\.m2\repo1\m3-3.3.9\org\springframework\data\spring-data-commons\2.1.3.RELEASE\spring-data-commons-2.1.3.RELEASE.jar;C:\Users\apande74\.m2\repo1\m3-3.3.9\org\mongodb\mongodb-driver\3.8.2\mongodb-driver-3.8.2.jar;C:\Users\apande74\.m2\repo1\m3-3.3.9\org\mongodb\bson\3.8.2\bson-3.8.2.jar;C:\Users\apande74\.m2\repo1\m3-3.3.9\org\mongodb\mongodb-driver-core\3.8.2\mongodb-driver-core-3.8.2.jar;C:\Users\apande74\.m2\repo1\m3-3.3.9\org\mongodb\mongodb-driver-async\3.8.2\mongodb-driver-async-3.8.2.jar;C:\Users\apande74\.m2\repo1\m3-3.3.9\org\mongodb\mongodb-driver-reactivestreams\1.9.2\mongodb-driver-reactivestreams-1.9.2.jar;C:\Users\apande74\.m2\repo1\m3-3.3.9\org\reactivestreams\reactive-streams\1.0.2\reactive-streams-1.0.2.jar;C:\Users\apande74\.m2\repo1\m3-3.3.9\io\projectreactor\reactor-core\3.2.3.RELEASE\reactor-core-3.2.3.RELEASE.jar;C:\Users\apande74\.m2\repo1\m3-3.3.9\org\springframework\boot\spring-boot-starter-test\2.1.1.RELEASE\spring-boot-starter-test-2.1.1.RELEASE.jar;C:\Users\apande74\.m2\repo1\m3-3.3.9\org\springframework\boot\spring-boot-test\2.1.1.RELEASE\spring-boot-test-2.1.1.RELEASE.jar;C:\Users\apande74\.m2\repo1\m3-3.3.9\org\springframework\boot\spring-boot-test-autoconfigure\2.1.1.RELEASE\spring-boot-test-autoconfigure-2.1.1.RELEASE.jar;C:\Users\apande74\.m2\repo1\m3-3.3.9\com\jayway\jsonpath\json-path\2.4.0\json-path-2.4.0.jar;C:\Users\apande74\.m2\repo1\m3-3.3.9\net\minidev\json-smart\2.3\json-smart-2.3.jar;C:\Users\apande74\.m2\repo1\m3-3.3.9\net\minidev\accessors-smart\1.2\accessors-smart-1.2.jar;C:\Users\apande74\.m2\repo1\m3-3.3.9\org\ow2\asm\asm\5.0.4\asm-5.0.4.jar;C:\Users\apande74\.m2\repo1\m3-3.3.9\junit\junit\4.12\junit-4.12.jar;C:\Users\apande74\.m2\repo1\m3-3.3.9\org\assertj\assertj-core\3.11.1\assertj-core-3.11.1.jar;C:\Users\apande74\.m2\repo1\m3-3.3.9\org\mockito\mockito-core\2.23.4\mockito-core-2.23.4.jar;C:\Users\apande74\.m2\repo1\m3-3.3.9\net\bytebuddy\byte-buddy\1.9.5\byte-buddy-1.9.5.jar;C:\Users\apande74\.m2\repo1\m3-3.3.9\net\bytebuddy\byte-buddy-agent\1.9.5\byte-buddy-agent-1.9.5.jar;C:\Users\apande74\.m2\repo1\m3-3.3.9\org\objenesis\objenesis\2.6\objenesis-2.6.jar;C:\Users\apande74\.m2\repo1\m3-3.3.9\org\hamcrest\hamcrest-core\1.3\hamcrest-core-1.3.jar;C:\Users\apande74\.m2\repo1\m3-3.3.9\org\hamcrest\hamcrest-library\1.3\hamcrest-library-1.3.jar;C:\Users\apande74\.m2\repo1\m3-3.3.9\org\skyscreamer\jsonassert\1.5.0\jsonassert-1.5.0.jar;C:\Users\apande74\.m2\repo1\m3-3.3.9\com\vaadin\external\google\android-json\0.0.20131108.vaadin1\android-json-0.0.20131108.vaadin1.jar;C:\Users\apande74\.m2\repo1\m3-3.3.9\org\springframework\spring-core\5.1.3.RELEASE\spring-core-5.1.3.RELEASE.jar;C:\Users\apande74\.m2\repo1\m3-3.3.9\org\springframework\spring-jcl\5.1.3.RELEASE\spring-jcl-5.1.3.RELEASE.jar;C:\Users\apande74\.m2\repo1\m3-3.3.9\org\springframework\spring-test\5.1.3.RELEASE\spring-test-5.1.3.RELEASE.jar;C:\Users\apande74\.m2\repo1\m3-3.3.9\org\xmlunit\xmlunit-core\2.6.2\xmlunit-core-2.6.2.jar;C:\Users\apande74\.m2\repo1\m3-3.3.9\org\projectlombok\lombok\1.18.4\lombok-1.18.4.jar;C:\Users\apande74\.m2\repo1\m3-3.3.9\io\projectreactor\reactor-test\3.2.3.RELEASE\reactor-test-3.2.3.RELEASE.jar;C:\Users\apande74\.m2\repo1\m3-3.3.9\javax\xml\bind\jaxb-api\2.3.0\jaxb-api-2.3.0.jar;C:\Users\apande74\.m2\repo1\m3-3.3.9\javax\servlet\javax.servlet-api\3.1.0\javax.servlet-api-3.1.0.jar;"/>
    <property name="java.vm.vendor" value="Oracle Corporation"/>
    <property name="sun.arch.data.model" value="64"/>
    <property name="user.variant" value=""/>
    <property name="java.vendor.url" value="http://java.oracle.com/"/>
    <property name="user.timezone" value="Asia/Calcutta"/>
    <property name="java.vm.specification.version" value="1.8"/>
    <property name="os.name" value="Windows 10"/>
    <property name="user.country" value="US"/>
    <property name="sun.java.launcher" value="SUN_STANDARD"/>
    <property name="sun.boot.library.path" value="C:\Program Files\Java\jdk1.8.0_131\jre\bin"/>
    <property name="sun.java.command" value="C:\Users\apande74\AppData\Local\Temp\surefire702874120554101970\surefirebooter6026441939991969816.jar C:\Users\apande74\AppData\Local\Temp\surefire702874120554101970 2020-04-28T17-05-45_113-jvmRun1 surefire6926384206422260990tmp surefire_03140065140194153751tmp"/>
    <property name="surefire.test.class.path" value="C:\SpringProject\Spring-WebFlux\target\test-classes;C:\SpringProject\Spring-WebFlux\target\classes;C:\Users\apande74\.m2\repo1\m3-3.3.9\io\springfox\springfox-swagger2\3.0.0-SNAPSHOT\springfox-swagger2-3.0.0-SNAPSHOT.jar;C:\Users\apande74\.m2\repo1\m3-3.3.9\io\swagger\swagger-annotations\1.5.20\swagger-annotations-1.5.20.jar;C:\Users\apande74\.m2\repo1\m3-3.3.9\io\swagger\swagger-models\1.5.20\swagger-models-1.5.20.jar;C:\Users\apande74\.m2\repo1\m3-3.3.9\com\fasterxml\jackson\core\jackson-annotations\2.9.0\jackson-annotations-2.9.0.jar;C:\Users\apande74\.m2\repo1\m3-3.3.9\io\springfox\springfox-spi\3.0.0-SNAPSHOT\springfox-spi-3.0.0-SNAPSHOT.jar;C:\Users\apande74\.m2\repo1\m3-3.3.9\io\springfox\springfox-core\3.0.0-SNAPSHOT\springfox-core-3.0.0-SNAPSHOT.jar;C:\Users\apande74\.m2\repo1\m3-3.3.9\io\springfox\springfox-schema\3.0.0-SNAPSHOT\springfox-schema-3.0.0-SNAPSHOT.jar;C:\Users\apande74\.m2\repo1\m3-3.3.9\io\springfox\springfox-swagger-common\3.0.0-SNAPSHOT\springfox-swagger-common-3.0.0-SNAPSHOT.jar;C:\Users\apande74\.m2\repo1\m3-3.3.9\io\springfox\springfox-spring-web\3.0.0-SNAPSHOT\springfox-spring-web-3.0.0-SNAPSHOT.jar;C:\Users\apande74\.m2\repo1\m3-3.3.9\io\github\classgraph\classgraph\4.1.7\classgraph-4.1.7.jar;C:\Users\apande74\.m2\repo1\m3-3.3.9\com\fasterxml\classmate\1.4.0\classmate-1.4.0.jar;C:\Users\apande74\.m2\repo1\m3-3.3.9\org\slf4j\slf4j-api\1.7.25\slf4j-api-1.7.25.jar;C:\Users\apande74\.m2\repo1\m3-3.3.9\org\springframework\plugin\spring-plugin-core\1.2.0.RELEASE\spring-plugin-core-1.2.0.RELEASE.jar;C:\Users\apande74\.m2\repo1\m3-3.3.9\org\springframework\spring-beans\5.1.3.RELEASE\spring-beans-5.1.3.RELEASE.jar;C:\Users\apande74\.m2\repo1\m3-3.3.9\org\springframework\spring-context\5.1.3.RELEASE\spring-context-5.1.3.RELEASE.jar;C:\Users\apande74\.m2\repo1\m3-3.3.9\org\springframework\spring-aop\5.1.3.RELEASE\spring-aop-5.1.3.RELEASE.jar;C:\Users\apande74\.m2\repo1\m3-3.3.9\org\springframework\plugin\spring-plugin-metadata\1.2.0.RELEASE\spring-plugin-metadata-1.2.0.RELEASE.jar;C:\Users\apande74\.m2\repo1\m3-3.3.9\org\mapstruct\mapstruct\1.3.1.Final\mapstruct-1.3.1.Final.jar;C:\Users\apande74\.m2\repo1\m3-3.3.9\io\springfox\springfox-swagger-ui\3.0.0-SNAPSHOT\springfox-swagger-ui-3.0.0-SNAPSHOT.jar;C:\Users\apande74\.m2\repo1\m3-3.3.9\io\springfox\springfox-spring-webflux\3.0.0-SNAPSHOT\springfox-spring-webflux-3.0.0-SNAPSHOT.jar;C:\Users\apande74\.m2\repo1\m3-3.3.9\org\springframework\boot\spring-boot-starter-webflux\2.1.1.RELEASE\spring-boot-starter-webflux-2.1.1.RELEASE.jar;C:\Users\apande74\.m2\repo1\m3-3.3.9\org\springframework\boot\spring-boot-starter\2.1.1.RELEASE\spring-boot-starter-2.1.1.RELEASE.jar;C:\Users\apande74\.m2\repo1\m3-3.3.9\org\springframework\boot\spring-boot\2.1.1.RELEASE\spring-boot-2.1.1.RELEASE.jar;C:\Users\apande74\.m2\repo1\m3-3.3.9\org\springframework\boot\spring-boot-autoconfigure\2.1.1.RELEASE\spring-boot-autoconfigure-2.1.1.RELEASE.jar;C:\Users\apande74\.m2\repo1\m3-3.3.9\org\springframework\boot\spring-boot-starter-logging\2.1.1.RELEASE\spring-boot-starter-logging-2.1.1.RELEASE.jar;C:\Users\apande74\.m2\repo1\m3-3.3.9\ch\qos\logback\logback-classic\1.2.3\logback-classic-1.2.3.jar;C:\Users\apande74\.m2\repo1\m3-3.3.9\ch\qos\logback\logback-core\1.2.3\logback-core-1.2.3.jar;C:\Users\apande74\.m2\repo1\m3-3.3.9\org\apache\logging\log4j\log4j-to-slf4j\2.11.1\log4j-to-slf4j-2.11.1.jar;C:\Users\apande74\.m2\repo1\m3-3.3.9\org\apache\logging\log4j\log4j-api\2.11.1\log4j-api-2.11.1.jar;C:\Users\apande74\.m2\repo1\m3-3.3.9\org\slf4j\jul-to-slf4j\1.7.25\jul-to-slf4j-1.7.25.jar;C:\Users\apande74\.m2\repo1\m3-3.3.9\javax\annotation\javax.annotation-api\1.3.2\javax.annotation-api-1.3.2.jar;C:\Users\apande74\.m2\repo1\m3-3.3.9\org\yaml\snakeyaml\1.23\snakeyaml-1.23.jar;C:\Users\apande74\.m2\repo1\m3-3.3.9\org\springframework\boot\spring-boot-starter-json\2.1.1.RELEASE\spring-boot-starter-json-2.1.1.RELEASE.jar;C:\Users\apande74\.m2\repo1\m3-3.3.9\com\fasterxml\jackson\core\jackson-databind\2.9.7\jackson-databind-2.9.7.jar;C:\Users\apande74\.m2\repo1\m3-3.3.9\com\fasterxml\jackson\core\jackson-core\2.9.7\jackson-core-2.9.7.jar;C:\Users\apande74\.m2\repo1\m3-3.3.9\com\fasterxml\jackson\datatype\jackson-datatype-jdk8\2.9.7\jackson-datatype-jdk8-2.9.7.jar;C:\Users\apande74\.m2\repo1\m3-3.3.9\com\fasterxml\jackson\datatype\jackson-datatype-jsr310\2.9.7\jackson-datatype-jsr310-2.9.7.jar;C:\Users\apande74\.m2\repo1\m3-3.3.9\com\fasterxml\jackson\module\jackson-module-parameter-names\2.9.7\jackson-module-parameter-names-2.9.7.jar;C:\Users\apande74\.m2\repo1\m3-3.3.9\org\springframework\boot\spring-boot-starter-reactor-netty\2.1.1.RELEASE\spring-boot-starter-reactor-netty-2.1.1.RELEASE.jar;C:\Users\apande74\.m2\repo1\m3-3.3.9\io\projectreactor\netty\reactor-netty\0.8.3.RELEASE\reactor-netty-0.8.3.RELEASE.jar;C:\Users\apande74\.m2\repo1\m3-3.3.9\io\netty\netty-codec-http\4.1.31.Final\netty-codec-http-4.1.31.Final.jar;C:\Users\apande74\.m2\repo1\m3-3.3.9\io\netty\netty-codec\4.1.31.Final\netty-codec-4.1.31.Final.jar;C:\Users\apande74\.m2\repo1\m3-3.3.9\io\netty\netty-codec-http2\4.1.31.Final\netty-codec-http2-4.1.31.Final.jar;C:\Users\apande74\.m2\repo1\m3-3.3.9\io\netty\netty-handler\4.1.31.Final\netty-handler-4.1.31.Final.jar;C:\Users\apande74\.m2\repo1\m3-3.3.9\io\netty\netty-buffer\4.1.31.Final\netty-buffer-4.1.31.Final.jar;C:\Users\apande74\.m2\repo1\m3-3.3.9\io\netty\netty-transport\4.1.31.Final\netty-transport-4.1.31.Final.jar;C:\Users\apande74\.m2\repo1\m3-3.3.9\io\netty\netty-resolver\4.1.31.Final\netty-resolver-4.1.31.Final.jar;C:\Users\apande74\.m2\repo1\m3-3.3.9\io\netty\netty-handler-proxy\4.1.31.Final\netty-handler-proxy-4.1.31.Final.jar;C:\Users\apande74\.m2\repo1\m3-3.3.9\io\netty\netty-codec-socks\4.1.31.Final\netty-codec-socks-4.1.31.Final.jar;C:\Users\apande74\.m2\repo1\m3-3.3.9\io\netty\netty-transport-native-epoll\4.1.31.Final\netty-transport-native-epoll-4.1.31.Final-linux-x86_64.jar;C:\Users\apande74\.m2\repo1\m3-3.3.9\io\netty\netty-common\4.1.31.Final\netty-common-4.1.31.Final.jar;C:\Users\apande74\.m2\repo1\m3-3.3.9\io\netty\netty-transport-native-unix-common\4.1.31.Final\netty-transport-native-unix-common-4.1.31.Final.jar;C:\Users\apande74\.m2\repo1\m3-3.3.9\org\hibernate\validator\hibernate-validator\6.0.13.Final\hibernate-validator-6.0.13.Final.jar;C:\Users\apande74\.m2\repo1\m3-3.3.9\javax\validation\validation-api\2.0.1.Final\validation-api-2.0.1.Final.jar;C:\Users\apande74\.m2\repo1\m3-3.3.9\org\jboss\logging\jboss-logging\3.3.2.Final\jboss-logging-3.3.2.Final.jar;C:\Users\apande74\.m2\repo1\m3-3.3.9\org\springframework\spring-web\5.1.3.RELEASE\spring-web-5.1.3.RELEASE.jar;C:\Users\apande74\.m2\repo1\m3-3.3.9\org\springframework\spring-webflux\5.1.3.RELEASE\spring-webflux-5.1.3.RELEASE.jar;C:\Users\apande74\.m2\repo1\m3-3.3.9\org\synchronoss\cloud\nio-multipart-parser\1.1.0\nio-multipart-parser-1.1.0.jar;C:\Users\apande74\.m2\repo1\m3-3.3.9\org\synchronoss\cloud\nio-stream-storage\1.1.3\nio-stream-storage-1.1.3.jar;C:\Users\apande74\.m2\repo1\m3-3.3.9\org\springframework\boot\spring-boot-starter-data-mongodb-reactive\2.1.1.RELEASE\spring-boot-starter-data-mongodb-reactive-2.1.1.RELEASE.jar;C:\Users\apande74\.m2\repo1\m3-3.3.9\org\springframework\data\spring-data-mongodb\2.1.3.RELEASE\spring-data-mongodb-2.1.3.RELEASE.jar;C:\Users\apande74\.m2\repo1\m3-3.3.9\org\springframework\spring-tx\5.1.3.RELEASE\spring-tx-5.1.3.RELEASE.jar;C:\Users\apande74\.m2\repo1\m3-3.3.9\org\springframework\spring-expression\5.1.3.RELEASE\spring-expression-5.1.3.RELEASE.jar;C:\Users\apande74\.m2\repo1\m3-3.3.9\org\springframework\data\spring-data-commons\2.1.3.RELEASE\spring-data-commons-2.1.3.RELEASE.jar;C:\Users\apande74\.m2\repo1\m3-3.3.9\org\mongodb\mongodb-driver\3.8.2\mongodb-driver-3.8.2.jar;C:\Users\apande74\.m2\repo1\m3-3.3.9\org\mongodb\bson\3.8.2\bson-3.8.2.jar;C:\Users\apande74\.m2\repo1\m3-3.3.9\org\mongodb\mongodb-driver-core\3.8.2\mongodb-driver-core-3.8.2.jar;C:\Users\apande74\.m2\repo1\m3-3.3.9\org\mongodb\mongodb-driver-async\3.8.2\mongodb-driver-async-3.8.2.jar;C:\Users\apande74\.m2\repo1\m3-3.3.9\org\mongodb\mongodb-driver-reactivestreams\1.9.2\mongodb-driver-reactivestreams-1.9.2.jar;C:\Users\apande74\.m2\repo1\m3-3.3.9\org\reactivestreams\reactive-streams\1.0.2\reactive-streams-1.0.2.jar;C:\Users\apande74\.m2\repo1\m3-3.3.9\io\projectreactor\reactor-core\3.2.3.RELEASE\reactor-core-3.2.3.RELEASE.jar;C:\Users\apande74\.m2\repo1\m3-3.3.9\org\springframework\boot\spring-boot-starter-test\2.1.1.RELEASE\spring-boot-starter-test-2.1.1.RELEASE.jar;C:\Users\apande74\.m2\repo1\m3-3.3.9\org\springframework\boot\spring-boot-test\2.1.1.RELEASE\spring-boot-test-2.1.1.RELEASE.jar;C:\Users\apande74\.m2\repo1\m3-3.3.9\org\springframework\boot\spring-boot-test-autoconfigure\2.1.1.RELEASE\spring-boot-test-autoconfigure-2.1.1.RELEASE.jar;C:\Users\apande74\.m2\repo1\m3-3.3.9\com\jayway\jsonpath\json-path\2.4.0\json-path-2.4.0.jar;C:\Users\apande74\.m2\repo1\m3-3.3.9\net\minidev\json-smart\2.3\json-smart-2.3.jar;C:\Users\apande74\.m2\repo1\m3-3.3.9\net\minidev\accessors-smart\1.2\accessors-smart-1.2.jar;C:\Users\apande74\.m2\repo1\m3-3.3.9\org\ow2\asm\asm\5.0.4\asm-5.0.4.jar;C:\Users\apande74\.m2\repo1\m3-3.3.9\junit\junit\4.12\junit-4.12.jar;C:\Users\apande74\.m2\repo1\m3-3.3.9\org\assertj\assertj-core\3.11.1\assertj-core-3.11.1.jar;C:\Users\apande74\.m2\repo1\m3-3.3.9\org\mockito\mockito-core\2.23.4\mockito-core-2.23.4.jar;C:\Users\apande74\.m2\repo1\m3-3.3.9\net\bytebuddy\byte-buddy\1.9.5\byte-buddy-1.9.5.jar;C:\Users\apande74\.m2\repo1\m3-3.3.9\net\bytebuddy\byte-buddy-agent\1.9.5\byte-buddy-agent-1.9.5.jar;C:\Users\apande74\.m2\repo1\m3-3.3.9\org\objenesis\objenesis\2.6\objenesis-2.6.jar;C:\Users\apande74\.m2\repo1\m3-3.3.9\org\hamcrest\hamcrest-core\1.3\hamcrest-core-1.3.jar;C:\Users\apande74\.m2\repo1\m3-3.3.9\org\hamcrest\hamcrest-library\1.3\hamcrest-library-1.3.jar;C:\Users\apande74\.m2\repo1\m3-3.3.9\org\skyscreamer\jsonassert\1.5.0\jsonassert-1.5.0.jar;C:\Users\apande74\.m2\repo1\m3-3.3.9\com\vaadin\external\google\android-json\0.0.20131108.vaadin1\android-json-0.0.20131108.vaadin1.jar;C:\Users\apande74\.m2\repo1\m3-3.3.9\org\springframework\spring-core\5.1.3.RELEASE\spring-core-5.1.3.RELEASE.jar;C:\Users\apande74\.m2\repo1\m3-3.3.9\org\springframework\spring-jcl\5.1.3.RELEASE\spring-jcl-5.1.3.RELEASE.jar;C:\Users\apande74\.m2\repo1\m3-3.3.9\org\springframework\spring-test\5.1.3.RELEASE\spring-test-5.1.3.RELEASE.jar;C:\Users\apande74\.m2\repo1\m3-3.3.9\org\xmlunit\xmlunit-core\2.6.2\xmlunit-core-2.6.2.jar;C:\Users\apande74\.m2\repo1\m3-3.3.9\org\projectlombok\lombok\1.18.4\lombok-1.18.4.jar;C:\Users\apande74\.m2\repo1\m3-3.3.9\io\projectreactor\reactor-test\3.2.3.RELEASE\reactor-test-3.2.3.RELEASE.jar;C:\Users\apande74\.m2\repo1\m3-3.3.9\javax\xml\bind\jaxb-api\2.3.0\jaxb-api-2.3.0.jar;C:\Users\apande74\.m2\repo1\m3-3.3.9\javax\servlet\javax.servlet-api\3.1.0\javax.servlet-api-3.1.0.jar;"/>
    <property name="sun.cpu.endian" value="little"/>
    <property name="user.home" value="C:\Users\apande74"/>
    <property name="user.language" value="en"/>
    <property name="java.specification.vendor" value="Oracle Corporation"/>
    <property name="java.home" value="C:\Program Files\Java\jdk1.8.0_131\jre"/>
    <property name="basedir" value="C:\SpringProject\Spring-WebFlux"/>
    <property name="file.separator" value="\"/>
    <property name="line.separator" value="&#10;"/>
    <property name="java.vm.specification.vendor" value="Oracle Corporation"/>
    <property name="java.specification.name" value="Java Platform API Specification"/>
    <property name="java.awt.graphicsenv" value="sun.awt.Win32GraphicsEnvironment"/>
    <property name="surefire.real.class.path" value="C:\Users\apande74\AppData\Local\Temp\surefire702874120554101970\surefirebooter6026441939991969816.jar"/>
    <property name="sun.boot.class.path" value="C:\Program Files\Java\jdk1.8.0_131\jre\lib\resources.jar;C:\Program Files\Java\jdk1.8.0_131\jre\lib\rt.jar;C:\Program Files\Java\jdk1.8.0_131\jre\lib\sunrsasign.jar;C:\Program Files\Java\jdk1.8.0_131\jre\lib\jsse.jar;C:\Program Files\Java\jdk1.8.0_131\jre\lib\jce.jar;C:\Program Files\Java\jdk1.8.0_131\jre\lib\charsets.jar;C:\Program Files\Java\jdk1.8.0_131\jre\lib\jfr.jar;C:\Program Files\Java\jdk1.8.0_131\jre\classes"/>
    <property name="user.script" value=""/>
    <property name="sun.management.compiler" value="HotSpot 64-Bit Tiered Compilers"/>
    <property name="java.runtime.version" value="1.8.0_131-b11"/>
    <property name="user.name" value="apande74"/>
    <property name="path.separator" value=";"/>
    <property name="os.version" value="10.0"/>
    <property name="java.endorsed.dirs" value="C:\Program Files\Java\jdk1.8.0_131\jre\lib\endorsed"/>
    <property name="java.runtime.name" value="Java(TM) SE Runtime Environment"/>
    <property name="file.encoding" value="Cp1252"/>
    <property name="java.vm.name" value="Java HotSpot(TM) 64-Bit Server VM"/>
    <property name="localRepository" value="C:\Users\apande74\.m2\repo1\m3-3.3.9"/>
    <property name="java.vendor.url.bug" value="http://bugreport.sun.com/bugreport/"/>
    <property name="java.io.tmpdir" value="C:\Users\apande74\AppData\Local\Temp\"/>
    <property name="java.version" value="1.8.0_131"/>
    <property name="user.dir" value="C:\SpringProject\Spring-WebFlux"/>
    <property name="os.arch" value="amd64"/>
    <property name="java.vm.specification.name" value="Java Virtual Machine Specification"/>
    <property name="java.awt.printerjob" value="sun.awt.windows.WPrinterJob"/>
    <property name="sun.os.patch.level" value=""/>
    <property name="java.library.path" value="C:\Program Files\Java\jdk1.8.0_131\jre\bin;C:\WINDOWS\Sun\Java\bin;C:\WINDOWS\system32;C:\WINDOWS;C:/Program Files (x86)/Java/jre1.8.0_241/bin/client;C:/Program Files (x86)/Java/jre1.8.0_241/bin;C:/Program Files (x86)/Java/jre1.8.0_241/lib/i386;C:\Program Files (x86)\Common Files\Oracle\Java\javapath;C:\Program Files (x86)\Intel\Intel(R) Management Engine Components\iCLS\;C:\Program Files\Intel\Intel(R) Management Engine Components\iCLS\;C:\Program Files\Java\jdk1.8.0_131\bin;C:\Program Files (x86)\Java\jdk1.8.0_91\bin;C:\Windows\system32;C:\Windows;C:\Windows\System32\Wbem;C:\Windows\System32\WindowsPowerShell\v1.0\;C:\windows\des_tools;C:\Program Files (x86)\WebEx\Productivity Tools;C:\Program Files\AppSense\DataNow\Agent\;C:\Program Files\TortoiseSVN\bin;C:\Program Files (x86)\Maven\apache-maven-3.3.9\bin;C:\DEVTOOLS\redhat\wildfly-8.2.0.Final\bin;C:\Apache22\bin;C:\Program Files\Git\cmd;C:\Program Files (x86)\Webex\Webex\Applications;C:\WINDOWS\system32;C:\WINDOWS;C:\WINDOWS\System32\Wbem;C:\WINDOWS\System32\WindowsPowerShell\v1.0\;C:\WINDOWS\System32\OpenSSH\;C:\Program Files (x86)\Intel\Intel(R) Management Engine Components\DAL;C:\Program Files\Intel\Intel(R) Management Engine Components\DAL;C:\Program Files (x86)\Intel\Intel(R) Management Engine Components\IPT;C:\Program Files\Intel\Intel(R) Management Engine Components\IPT;C:\Program Files\Intel\WiFi\bin\;C:\Program Files\Common Files\Intel\WirelessCommon\;C:\Program Files\PuTTY\;C:\RUBY25-X64\bin;C:\Program Files\nodejs\;C:\Program Files (x86)\IBM\Personal Communications\;C:\Program Files (x86)\IBM\Trace Facility\;C:\Program Files (x86)\Sennheiser\SoftphoneSDK\;C:\Program Files\mongodb\;C:\Program Files\MongoDB\Server\4.0\bin;C:\Users\apande74\AppData\Local\Microsoft\WindowsApps;C:\Users\apande74\AppData\Roaming\npm;C:\WINDOWS\System32;;."/>
    <property name="java.vm.info" value="mixed mode"/>
    <property name="java.vendor" value="Oracle Corporation"/>
    <property name="java.vm.version" value="25.131-b11"/>
    <property name="java.ext.dirs" value="C:\Program Files\Java\jdk1.8.0_131\jre\lib\ext;C:\WINDOWS\Sun\Java\lib\ext"/>
    <property name="sun.io.unicode.encoding" value="UnicodeLittle"/>
    <property name="java.class.version" value="52.0"/>
  </properties>
  <testcase name="testApp" classname="com.spiderinjava.demo.AppTest" time="0.001"/>
</testsuite>